c:\users\jonas heinle\desktop\bachelorarbeit\vulkan\examples\vkexample1\x64\debug\vc142.pdb
c:\users\jonas heinle\desktop\bachelorarbeit\vulkan\examples\vkexample1\x64\debug\vc142.idb
c:\users\jonas heinle\desktop\bachelorarbeit\vulkan\examples\vkexample1\x64\debug\main.obj
c:\users\jonas heinle\desktop\bachelorarbeit\vulkan\examples\vkexample1\x64\debug\hello_vulkan.obj
c:\users\jonas heinle\desktop\bachelorarbeit\vulkan\examples\vkexample1\x64\debug\imgui_impl_glfw_vulkan.obj
c:\users\jonas heinle\desktop\bachelorarbeit\vulkan\examples\vkexample1\x64\debug\imgui_draw.obj
c:\users\jonas heinle\desktop\bachelorarbeit\vulkan\examples\vkexample1\x64\debug\imgui_demo.obj
c:\users\jonas heinle\desktop\bachelorarbeit\vulkan\examples\vkexample1\x64\debug\imgui.obj
c:\users\jonas heinle\desktop\bachelorarbeit\vulkan\examples\vkexample1\x64\debug\vk_context.obj
c:\users\jonas heinle\desktop\bachelorarbeit\vulkan\examples\vkexample1\x64\debug\obj_loader.obj
c:\users\jonas heinle\desktop\bachelorarbeit\vulkan\examples\vkexample1\x64\debug\manipulator.obj
c:\users\jonas heinle\desktop\bachelorarbeit\vulkan\examples\x64\debug\vkexample1.exe
c:\users\jonas heinle\desktop\bachelorarbeit\vulkan\examples\x64\debug\vkexample1.ilk
c:\users\jonas heinle\desktop\bachelorarbeit\vulkan\examples\x64\debug\vkexample1.pdb
c:\users\jonas heinle\desktop\bachelorarbeit\vulkan\examples\vkexample1\x64\debug\vkexample1.tlog\cl.command.1.tlog
c:\users\jonas heinle\desktop\bachelorarbeit\vulkan\examples\vkexample1\x64\debug\vkexample1.tlog\cl.read.1.tlog
c:\users\jonas heinle\desktop\bachelorarbeit\vulkan\examples\vkexample1\x64\debug\vkexample1.tlog\cl.write.1.tlog
c:\users\jonas heinle\desktop\bachelorarbeit\vulkan\examples\vkexample1\x64\debug\vkexample1.tlog\link.command.1.tlog
c:\users\jonas heinle\desktop\bachelorarbeit\vulkan\examples\vkexample1\x64\debug\vkexample1.tlog\link.read.1.tlog
c:\users\jonas heinle\desktop\bachelorarbeit\vulkan\examples\vkexample1\x64\debug\vkexample1.tlog\link.write.1.tlog
